<?xml version="1.0" encoding="UTF-8"?>
<!-- Generated by org.testng.reporters.JUnitReportReporter -->
<testsuite hostname="QT-INBG-LT0233" failures="0" tests="1" name="mob.Contact" time="7.398" errors="0" timestamp="2022-07-19T16:25:04 IST" skipped="0">
  <testcase classname="mob.Contact" name="contact" time="7.398"/>
  <system-out/>
</testsuite> <!-- mob.Contact -->
